<?xml version="1.0" encoding="UTF-8" ?>
<testsuites disabled="0" errors="0" failures="1" tests="1" time="0.004">
 <testsuite name="my-library" timestamp="2020-11-14T02:02:16" hostname="localhost" time="0.002" errors="0" tests="0" skipped="0" disabled="0" failures="0">
 </testsuite>
 <testsuite name="my-library.sayHello" timestamp="2020-11-14T02:02:16" hostname="localhost" time="0.002" errors="0" tests="1" skipped="0" disabled="0" failures="1">
  <testcase classname="my-library.sayHello" name="should say Hello" time="0.001">
   <failure type="toEqual" message="Expected 1 to equal 2."><![CDATA[Error: Expected 1 to equal 2.
    at <Jasmine>
    at UserContext.<anonymous> (E:\dev\temp\jasmine\spec\main.spec.js:6:19)
    at <Jasmine>]]>
   </failure>
  </testcase>
 </testsuite>
</testsuites>