<?xml version="1.0" encoding="UTF-8" ?>
<testsuites disabled="0" errors="0" failures="0" tests="1" time="0.003">
 <testsuite name="add" timestamp="2020-11-14T02:02:16" hostname="localhost" time="0.003" errors="0" tests="1" skipped="0" disabled="0" failures="0">
  <testcase classname="add" name="should add 2 + 2" time="0.003" />
 </testsuite>
</testsuites>